<?xml version="1.0" encoding="UTF-8"?>
<!-- Generated by org.testng.reporters.JUnitReportReporter -->
<testsuite hostname="DESKTOP-TMQPULF" failures="0" tests="1" name="com.hdfc.qa.test.LoginTest" time="8.306" errors="0" timestamp="2024-01-30T02:57:31 PST" skipped="0">
  <testcase classname="com.hdfc.qa.test.LoginTest" name="verifyLoginWithValidCredentilas" time="8.306"/>
  <system-out/>
</testsuite> <!-- com.hdfc.qa.test.LoginTest -->
