<?xml version="1.0" encoding="UTF-8"?>
<!-- Generated by org.testng.reporters.JUnitReportReporter -->
<testsuite hostname="DESKTOP-TMQPULF" failures="0" tests="1" name="com.hdfc.qa.test.AddToCartTest" time="9.256" errors="0" timestamp="2024-01-31T08:32:07 PST" skipped="0">
  <testcase classname="com.hdfc.qa.test.AddToCartTest" name="verifyThatallvaulesAreAddedIntoAllCategories" time="9.256"/>
  <system-out/>
</testsuite> <!-- com.hdfc.qa.test.AddToCartTest -->
